<?xml version="1.0" encoding="UTF-8"?>
<!-- Generated by org.testng.reporters.JUnitReportReporter -->
<testsuite skipped="0" hostname="DESKTOP-SNIGSR3" name="com.tests.LoginTest" tests="1" failures="0" timestamp="27 Feb 2022 03:34:24 GMT" time="9.455" errors="0">
  <testcase name="loginTest" time="9.455" classname="com.tests.LoginTest"/>
</testsuite> <!-- com.tests.LoginTest -->
